{
  "RSpec": {
    "coverage": {
      "/Users/vmcilwain/rails/vextranet/spec/support/hooks.rb": [
        1,
        0,
        null
      ],
      "/Users/vmcilwain/rails/vextranet/spec/support/js.rb": [
        1,
        0,
        null
      ],
      "/Users/vmcilwain/rails/vextranet/spec/support/mailer.rb": [
        1,
        0,
        null,
        null,
        1,
        0,
        null
      ],
      "/Users/vmcilwain/rails/vextranet/spec/support/objects.rb": [
        1,
        0,
        null,
        null,
        1,
        0,
        null
      ],
      "/Users/vmcilwain/rails/vextranet/app/models/blog_category.rb": [
        1,
        1,
        1,
        1,
        null,
        1,
        1,
        null,
        null
      ],
      "/Users/vmcilwain/rails/vextranet/app/models/blog.rb": [
        1,
        1,
        1,
        null
      ]
    },
    "timestamp": 1422928664
  }
}
