{
  "RSpec": {
    "coverage": {
      "/home/vmcilwain/rails/vextranet/spec/support/hooks.rb": [
        1,
        0,
        null
      ],
      "/home/vmcilwain/rails/vextranet/spec/support/js.rb": [
        1,
        0,
        null
      ],
      "/home/vmcilwain/rails/vextranet/spec/support/mailer.rb": [
        1,
        0,
        null,
        null,
        1,
        0,
        null
      ],
      "/home/vmcilwain/rails/vextranet/spec/support/objects.rb": [
        1,
        0,
        null,
        null,
        1,
        0,
        null,
        null,
        1,
        0,
        null,
        null,
        1,
        0,
        null
      ],
      "/home/vmcilwain/rails/vextranet/app/models/blog.rb": [
        1,
        1,
        1,
        1,
        null
      ],
      "/home/vmcilwain/rails/vextranet/app/models/blog_category.rb": [
        1,
        1,
        1,
        1,
        null,
        1,
        0,
        null,
        null
      ],
      "/home/vmcilwain/rails/vextranet/app/models/blog_file.rb": [
        1,
        1,
        1,
        1,
        null
      ],
      "/home/vmcilwain/rails/vextranet/app/uploaders/blog_file_uploader.rb": [
        null,
        null,
        1,
        null,
        null,
        null,
        null,
        null,
        null,
        1,
        null,
        null,
        null,
        null,
        1,
        0,
        null,
        null,
        null,
        null,
        null,
        null,
        null,
        null,
        null,
        null,
        null,
        null,
        null,
        null,
        null,
        null,
        null,
        null,
        null,
        null,
        null,
        null,
        null,
        null,
        null,
        null,
        null,
        null,
        null,
        null,
        null,
        null,
        null,
        null,
        null
      ]
    },
    "timestamp": 1423242116
  }
}
